<?xml version="1.0" encoding="UTF-8"?>
<!-- Generated by org.testng.reporters.JUnitXMLReporter -->
<testsuite hostname="LAPTOP-P73MBL0C" failures="0" tests="4" name="Default test" time="101.372" errors="0" timestamp="25 Jul 2021 04:41:25 GMT">
  <testcase classname="com.hrms.Testscripts.TC01" name="tc01" time="44.066"/>
  <testcase classname="com.hrms.Testscripts.TC02" name="tc01" time="15.678"/>
  <testcase classname="com.hrms.Testscripts.TC03" name="tc03" time="22.647"/>
  <testcase classname="com.hrms.Testscripts.TC04" name="tc04" time="18.936"/>
</testsuite> <!-- Default test -->
