<?xml version="1.0" encoding="UTF-8"?>
<!-- Generated by org.testng.reporters.JUnitXMLReporter -->
<testsuite hostname="LAPTOP-P73MBL0C" failures="0" tests="4" name="Default test" time="47.385" errors="0" timestamp="20 Jul 2021 07:39:30 GMT">
  <testcase classname="com.hrms.Testscripts.TC01" name="tc01" time="10.005"/>
  <testcase classname="com.hrms.Testscripts.TC02" name="tc01" time="9.585"/>
  <testcase classname="com.hrms.Testscripts.TC03" name="tc03" time="15.061"/>
  <testcase classname="com.hrms.Testscripts.TC04" name="tc04" time="12.716"/>
</testsuite> <!-- Default test -->
