<?xml version="1.0" encoding="UTF-8"?>
<testng-results total="4" passed="4" failed="0" skipped="0">
  <reporter-output>
  </reporter-output>
  <suite started-at="2021-07-25T04:39:43Z" name="Default suite" finished-at="2021-07-25T04:41:24Z" duration-ms="101372">
    <groups>
    </groups>
    <test started-at="2021-07-25T04:39:43Z" name="Default test" finished-at="2021-07-25T04:41:24Z" duration-ms="101372">
      <class name="com.hrms.Testscripts.TC04">
        <test-method signature="tc04()[pri:0, instance:com.hrms.Testscripts.TC04@7f9fcf7f]" started-at="2021-07-25T10:11:06Z" name="tc04" finished-at="2021-07-25T10:11:24Z" duration-ms="18936" status="PASS">
          <reporter-output>
          </reporter-output>
        </test-method> <!-- tc04 -->
      </class> <!-- com.hrms.Testscripts.TC04 -->
      <class name="com.hrms.Testscripts.TC01">
        <test-method signature="tc01()[pri:0, instance:com.hrms.Testscripts.TC01@2357d90a]" started-at="2021-07-25T10:09:43Z" name="tc01" finished-at="2021-07-25T10:10:27Z" duration-ms="44066" status="PASS">
          <reporter-output>
          </reporter-output>
        </test-method> <!-- tc01 -->
      </class> <!-- com.hrms.Testscripts.TC01 -->
      <class name="com.hrms.Testscripts.TC03">
        <test-method signature="tc03()[pri:0, instance:com.hrms.Testscripts.TC03@6328d34a]" started-at="2021-07-25T10:10:43Z" name="tc03" finished-at="2021-07-25T10:11:06Z" duration-ms="22647" status="PASS">
          <reporter-output>
          </reporter-output>
        </test-method> <!-- tc03 -->
      </class> <!-- com.hrms.Testscripts.TC03 -->
      <class name="com.hrms.Testscripts.TC02">
        <test-method signature="tc01()[pri:0, instance:com.hrms.Testscripts.TC02@29ba4338]" started-at="2021-07-25T10:10:27Z" name="tc01" finished-at="2021-07-25T10:10:43Z" duration-ms="15678" status="PASS">
          <reporter-output>
          </reporter-output>
        </test-method> <!-- tc01 -->
      </class> <!-- com.hrms.Testscripts.TC02 -->
    </test> <!-- Default test -->
  </suite> <!-- Default suite -->
</testng-results>
