<?xml version="1.0" encoding="UTF-8"?>
<testng-results total="4" passed="4" failed="0" skipped="0">
  <reporter-output>
  </reporter-output>
  <suite started-at="2021-07-20T07:38:43Z" name="Default suite" finished-at="2021-07-20T07:39:30Z" duration-ms="47385">
    <groups>
    </groups>
    <test started-at="2021-07-20T07:38:43Z" name="Default test" finished-at="2021-07-20T07:39:30Z" duration-ms="47385">
      <class name="com.hrms.Testscripts.TC04">
        <test-method signature="tc04()[pri:0, instance:com.hrms.Testscripts.TC04@4450d156]" started-at="2021-07-20T13:09:18Z" name="tc04" finished-at="2021-07-20T13:09:30Z" duration-ms="12716" status="PASS">
          <reporter-output>
          </reporter-output>
        </test-method> <!-- tc04 -->
      </class> <!-- com.hrms.Testscripts.TC04 -->
      <class name="com.hrms.Testscripts.TC01">
        <test-method signature="tc01()[pri:0, instance:com.hrms.Testscripts.TC01@491666ad]" started-at="2021-07-20T13:08:43Z" name="tc01" finished-at="2021-07-20T13:08:53Z" duration-ms="10005" status="PASS">
          <reporter-output>
          </reporter-output>
        </test-method> <!-- tc01 -->
      </class> <!-- com.hrms.Testscripts.TC01 -->
      <class name="com.hrms.Testscripts.TC03">
        <test-method signature="tc03()[pri:0, instance:com.hrms.Testscripts.TC03@4f9a3314]" started-at="2021-07-20T13:09:03Z" name="tc03" finished-at="2021-07-20T13:09:18Z" duration-ms="15061" status="PASS">
          <reporter-output>
          </reporter-output>
        </test-method> <!-- tc03 -->
      </class> <!-- com.hrms.Testscripts.TC03 -->
      <class name="com.hrms.Testscripts.TC02">
        <test-method signature="tc01()[pri:0, instance:com.hrms.Testscripts.TC02@3b2c72c2]" started-at="2021-07-20T13:08:53Z" name="tc01" finished-at="2021-07-20T13:09:02Z" duration-ms="9585" status="PASS">
          <reporter-output>
          </reporter-output>
        </test-method> <!-- tc01 -->
      </class> <!-- com.hrms.Testscripts.TC02 -->
    </test> <!-- Default test -->
  </suite> <!-- Default suite -->
</testng-results>
